platforms/android/build/outputs/logs/manifest-merger-debug-report.txt
-- Merging decision tree log ---
manifest
ADDED from platforms\android\AndroidManifest.xml:2:1-25:12
	package
		ADDED from platforms\android\AndroidManifest.xml:2:98-124
		INJECTED from platforms\android\AndroidManifest.xml
		INJECTED from platforms\android\AndroidManifest.xml
	android:versionName
		ADDED from platforms\android\AndroidManifest.xml:2:70-97
		INJECTED from platforms\android\AndroidManifest.xml
		INJECTED from platforms\android\AndroidManifest.xml
	android:hardwareAccelerated
		ADDED from platforms\android\AndroidManifest.xml:2:11-45
	android:versionCode
		ADDED from platforms\android\AndroidManifest.xml:2:46-69
		INJECTED from platforms\android\AndroidManifest.xml
		INJECTED from platforms\android\AndroidManifest.xml
	xmlns:android
		ADDED from platforms\android\AndroidManifest.xml:2:125-183
supports-screens
ADDED from platforms\android\AndroidManifest.xml:3:5-191
	android:largeScreens
		ADDED from platforms\android\AndroidManifest.xml:3:49-76
	android:smallScreens
		ADDED from platforms\android\AndroidManifest.xml:3:132-159
	android:normalScreens
		ADDED from platforms\android\AndroidManifest.xml:3:77-105
	android:xlargeScreens
		ADDED from platforms\android\AndroidManifest.xml:3:160-188
	android:resizeable
		ADDED from platforms\android\AndroidManifest.xml:3:106-131
	android:anyDensity
		ADDED from platforms\android\AndroidManifest.xml:3:23-48
uses-permission#android.permission.INTERNET
ADDED from platforms\android\AndroidManifest.xml:4:5-67
	android:name
		ADDED from platforms\android\AndroidManifest.xml:4:22-64
application
ADDED from platforms\android\AndroidManifest.xml:5:5-18:19
MERGED from [com.google.android.gms:play-services-auth:11.8.0] AndroidManifest.xml:22:5-37:19
MERGED from [com.google.android.gms:play-services-auth-api-phone-license:11.8.0] AndroidManifest.xml:5:5-20
MERGED from [com.google.android.gms:play-services-auth-base-license:11.8.0] AndroidManifest.xml:5:5-20
MERGED from [com.google.android.gms:play-services-identity:11.8.0] AndroidManifest.xml:22:5-20
MERGED from [com.google.android.gms:play-services-base:11.8.0] AndroidManifest.xml:22:5-27:19
MERGED from [com.google.android.gms:play-services-tasks:11.8.0] AndroidManifest.xml:7:5-20
MERGED from [com.google.android.gms:play-services-tasks-license:11.8.0] AndroidManifest.xml:5:5-20
MERGED from [com.google.android.gms:play-services-base-license:11.8.0] AndroidManifest.xml:5:5-20
MERGED from [com.google.android.gms:play-services-basement:11.8.0] AndroidManifest.xml:22:5-26:19
MERGED from [com.google.android.gms:play-services-basement-license:11.8.0] AndroidManifest.xml:5:5-20
MERGED from [com.google.android.gms:play-services-identity-license:11.8.0] AndroidManifest.xml:5:5-20
MERGED from [com.facebook.android:facebook-android-sdk:4.29.0] AndroidManifest.xml:28:5-29:19
MERGED from [com.facebook.android:facebook-login:4.29.0] AndroidManifest.xml:28:5-29:19
MERGED from [com.facebook.android:facebook-share:4.29.0] AndroidManifest.xml:28:5-29:19
MERGED from [com.facebook.android:facebook-common:4.29.0] AndroidManifest.xml:28:5-34:19
MERGED from [com.facebook.android:facebook-places:4.29.0] AndroidManifest.xml:28:5-29:19
MERGED from [com.facebook.android:facebook-applinks:4.29.0] AndroidManifest.xml:28:5-29:19
MERGED from [com.facebook.android:facebook-messenger:4.29.0] AndroidManifest.xml:28:5-29:19
MERGED from [com.facebook.android:facebook-core:4.29.0] AndroidManifest.xml:28:5-43:19
MERGED from [android.arch.lifecycle:runtime:1.0.0] AndroidManifest.xml:24:5-28:19
	android:label
		ADDED from platforms\android\AndroidManifest.xml:5:81-113
	android:supportsRtl
		ADDED from platforms\android\AndroidManifest.xml:5:114-140
	android:hardwareAccelerated
		ADDED from platforms\android\AndroidManifest.xml:5:18-52
	android:icon
		ADDED from platforms\android\AndroidManifest.xml:5:53-80
activity#io.ionic.starter.MainActivity
ADDED from platforms\android\AndroidManifest.xml:6:9-11:20
	android:label
		ADDED from platforms\android\AndroidManifest.xml:6:97-134
	android:launchMode
		ADDED from platforms\android\AndroidManifest.xml:6:135-165
	android:windowSoftInputMode
		ADDED from platforms\android\AndroidManifest.xml:6:257-299
	android:configChanges
		ADDED from platforms\android\AndroidManifest.xml:6:19-96
	android:theme
		ADDED from platforms\android\AndroidManifest.xml:6:194-256
	android:name
		ADDED from platforms\android\AndroidManifest.xml:6:166-193
intent-filter#android.intent.action.MAIN+android.intent.category.LAUNCHER
ADDED from platforms\android\AndroidManifest.xml:7:13-10:29
	android:label
		ADDED from platforms\android\AndroidManifest.xml:7:28-65
action#android.intent.action.MAIN
ADDED from platforms\android\AndroidManifest.xml:8:17-69
	android:name
		ADDED from platforms\android\AndroidManifest.xml:8:25-66
category#android.intent.category.LAUNCHER
ADDED from platforms\android\AndroidManifest.xml:9:17-77
	android:name
		ADDED from platforms\android\AndroidManifest.xml:9:27-74
provider#nl.xservices.plugins.FileProvider
ADDED from platforms\android\AndroidManifest.xml:12:9-14:20
	android:authorities
		ADDED from platforms\android\AndroidManifest.xml:12:19-74
		INJECTED from platforms\android\AndroidManifest.xml
	android:grantUriPermissions
		ADDED from platforms\android\AndroidManifest.xml:12:100-134
	android:exported
		ADDED from platforms\android\AndroidManifest.xml:12:75-99
	android:name
		ADDED from platforms\android\AndroidManifest.xml:12:135-183
meta-data#android.support.FILE_PROVIDER_PATHS
ADDED from platforms\android\AndroidManifest.xml:13:13-115
	android:resource
		ADDED from platforms\android\AndroidManifest.xml:13:75-112
	android:name
		ADDED from platforms\android\AndroidManifest.xml:13:24-74
meta-data#com.facebook.sdk.ApplicationId
ADDED from platforms\android\AndroidManifest.xml:15:9-102
	android:value
		ADDED from platforms\android\AndroidManifest.xml:15:66-99
	android:name
		ADDED from platforms\android\AndroidManifest.xml:15:20-65
meta-data#com.facebook.sdk.ApplicationName
ADDED from platforms\android\AndroidManifest.xml:16:9-106
	android:value
		ADDED from platforms\android\AndroidManifest.xml:16:68-103
	android:name
		ADDED from platforms\android\AndroidManifest.xml:16:20-67
activity#com.facebook.FacebookActivity
ADDED from platforms\android\AndroidManifest.xml:17:9-186
MERGED from [com.facebook.android:facebook-common:4.29.0] AndroidManifest.xml:29:9-32:66
	android:label
		ADDED from platforms\android\AndroidManifest.xml:17:103-138
	android:configChanges
		ADDED from platforms\android\AndroidManifest.xml:17:19-102
	android:theme
		ADDED from [com.facebook.android:facebook-common:4.29.0] AndroidManifest.xml:32:13-63
	android:name
		ADDED from platforms\android\AndroidManifest.xml:17:139-183
uses-sdk
ADDED from platforms\android\AndroidManifest.xml:19:5-74
MERGED from [com.google.android.gms:play-services-auth:11.8.0] AndroidManifest.xml:20:5-44
MERGED from [com.google.android.gms:play-services-auth-api-phone:11.8.0] AndroidManifest.xml:5:5-44
MERGED from [com.google.android.gms:play-services-auth-api-phone-license:11.8.0] AndroidManifest.xml:4:5-43
MERGED from [com.google.android.gms:play-services-auth-base:11.8.0] AndroidManifest.xml:5:5-44
MERGED from [com.google.android.gms:play-services-auth-base-license:11.8.0] AndroidManifest.xml:4:5-43
MERGED from [com.google.android.gms:play-services-identity:11.8.0] AndroidManifest.xml:20:5-44
MERGED from [com.google.android.gms:play-services-base:11.8.0] AndroidManifest.xml:20:5-44
MERGED from [com.google.android.gms:play-services-tasks:11.8.0] AndroidManifest.xml:5:5-44
MERGED from [com.google.android.gms:play-services-tasks-license:11.8.0] AndroidManifest.xml:4:5-43
MERGED from [com.google.android.gms:play-services-base-license:11.8.0] AndroidManifest.xml:4:5-43
MERGED from [com.google.android.gms:play-services-basement:11.8.0] AndroidManifest.xml:20:5-44
MERGED from [com.google.android.gms:play-services-basement-license:11.8.0] AndroidManifest.xml:4:5-43
MERGED from [com.google.android.gms:play-services-identity-license:11.8.0] AndroidManifest.xml:4:5-43
MERGED from [com.facebook.android:facebook-android-sdk:4.29.0] AndroidManifest.xml:24:5-26:41
MERGED from [com.facebook.android:facebook-login:4.29.0] AndroidManifest.xml:24:5-26:41
MERGED from [com.facebook.android:facebook-share:4.29.0] AndroidManifest.xml:24:5-26:41
MERGED from [com.facebook.android:facebook-common:4.29.0] AndroidManifest.xml:24:5-26:41
MERGED from [com.android.support:appcompat-v7:27.0.1] AndroidManifest.xml:20:5-44
MERGED from [com.android.support:animated-vector-drawable:27.0.1] AndroidManifest.xml:20:5-44
MERGED from [com.android.support:support-vector-drawable:27.0.1] AndroidManifest.xml:20:5-44
MERGED from [com.android.support:cardview-v7:27.0.1] AndroidManifest.xml:20:5-44
MERGED from [com.android.support:customtabs:27.0.1] AndroidManifest.xml:20:5-44
MERGED from [com.android.support:support-v4:27.0.1] AndroidManifest.xml:20:5-44
MERGED from [com.android.support:support-media-compat:27.0.1] AndroidManifest.xml:20:5-44
MERGED from [com.android.support:support-fragment:27.0.1] AndroidManifest.xml:20:5-44
MERGED from [com.android.support:support-core-ui:27.0.1] AndroidManifest.xml:20:5-44
MERGED from [com.facebook.android:facebook-places:4.29.0] AndroidManifest.xml:24:5-26:41
MERGED from [com.facebook.android:facebook-applinks:4.29.0] AndroidManifest.xml:24:5-26:41
MERGED from [com.facebook.android:facebook-messenger:4.29.0] AndroidManifest.xml:24:5-26:41
MERGED from [com.facebook.android:facebook-core:4.29.0] AndroidManifest.xml:24:5-26:41
MERGED from [com.android.support:support-core-utils:27.0.1] AndroidManifest.xml:20:5-44
MERGED from [com.android.support:support-compat:27.0.1] AndroidManifest.xml:20:5-44
MERGED from [android.arch.lifecycle:runtime:1.0.0] AndroidManifest.xml:20:5-22:41
MERGED from [org.apache.cordova:CordovaLib:6.3.0:debug] AndroidManifest.xml:25:5-44
	android:targetSdkVersion
		ADDED from platforms\android\AndroidManifest.xml:19:42-71
	android:minSdkVersion
		ADDED from platforms\android\AndroidManifest.xml:19:15-41
uses-permission#android.permission.READ_CONTACTS
ADDED from platforms\android\AndroidManifest.xml:20:5-72
	android:name
		ADDED from platforms\android\AndroidManifest.xml:20:22-69
uses-permission#android.permission.WRITE_CONTACTS
ADDED from platforms\android\AndroidManifest.xml:21:5-73
	android:name
		ADDED from platforms\android\AndroidManifest.xml:21:22-70
uses-permission#android.permission.GET_ACCOUNTS
ADDED from platforms\android\AndroidManifest.xml:22:5-71
	android:name
		ADDED from platforms\android\AndroidManifest.xml:22:22-68
uses-permission#android.permission.USE_CREDENTIALS
ADDED from platforms\android\AndroidManifest.xml:23:5-74
	android:name
		ADDED from platforms\android\AndroidManifest.xml:23:22-71
uses-permission#android.permission.WRITE_EXTERNAL_STORAGE
ADDED from platforms\android\AndroidManifest.xml:24:5-81
	android:name
		ADDED from platforms\android\AndroidManifest.xml:24:22-78
activity#com.google.android.gms.auth.api.signin.internal.SignInHubActivity
ADDED from [com.google.android.gms:play-services-auth:11.8.0] AndroidManifest.xml:23:9-27:75
	android:excludeFromRecents
		ADDED from [com.google.android.gms:play-services-auth:11.8.0] AndroidManifest.xml:25:13-46
	android:exported
		ADDED from [com.google.android.gms:play-services-auth:11.8.0] AndroidManifest.xml:26:13-37
	android:theme
		ADDED from [com.google.android.gms:play-services-auth:11.8.0] AndroidManifest.xml:27:13-72
	android:name
		ADDED from [com.google.android.gms:play-services-auth:11.8.0] AndroidManifest.xml:24:13-93
service#com.google.android.gms.auth.api.signin.RevocationBoundService
ADDED from [com.google.android.gms:play-services-auth:11.8.0] AndroidManifest.xml:33:9-36:110
	android:exported
		ADDED from [com.google.android.gms:play-services-auth:11.8.0] AndroidManifest.xml:35:13-36
	android:permission
		ADDED from [com.google.android.gms:play-services-auth:11.8.0] AndroidManifest.xml:36:13-107
	android:name
		ADDED from [com.google.android.gms:play-services-auth:11.8.0] AndroidManifest.xml:34:13-89
activity#com.google.android.gms.common.api.GoogleApiActivity
ADDED from [com.google.android.gms:play-services-base:11.8.0] AndroidManifest.xml:23:9-26:75
	android:exported
		ADDED from [com.google.android.gms:play-services-base:11.8.0] AndroidManifest.xml:25:13-37
	android:theme
		ADDED from [com.google.android.gms:play-services-base:11.8.0] AndroidManifest.xml:26:13-72
	android:name
		ADDED from [com.google.android.gms:play-services-base:11.8.0] AndroidManifest.xml:24:13-79
meta-data#com.google.android.gms.version
ADDED from [com.google.android.gms:play-services-basement:11.8.0] AndroidManifest.xml:23:9-25:69
	android:value
		ADDED from [com.google.android.gms:play-services-basement:11.8.0] AndroidManifest.xml:25:13-66
	android:name
		ADDED from [com.google.android.gms:play-services-basement:11.8.0] AndroidManifest.xml:24:13-58
activity#com.facebook.CustomTabMainActivity
ADDED from [com.facebook.android:facebook-common:4.29.0] AndroidManifest.xml:33:9-71
	android:name
		ADDED from [com.facebook.android:facebook-common:4.29.0] AndroidManifest.xml:33:19-68
provider#com.facebook.internal.FacebookInitProvider
ADDED from [com.facebook.android:facebook-core:4.29.0] AndroidManifest.xml:39:9-42:40
	android:authorities
		ADDED from [com.facebook.android:facebook-core:4.29.0] AndroidManifest.xml:41:13-72
	android:exported
		ADDED from [com.facebook.android:facebook-core:4.29.0] AndroidManifest.xml:42:13-37
	android:name
		ADDED from [com.facebook.android:facebook-core:4.29.0] AndroidManifest.xml:40:13-70
meta-data#android.arch.lifecycle.VERSION
ADDED from [android.arch.lifecycle:runtime:1.0.0] AndroidManifest.xml:25:9-27:47
	android:value
		ADDED from [android.arch.lifecycle:runtime:1.0.0] AndroidManifest.xml:27:13-44
	android:name
		ADDED from [android.arch.lifecycle:runtime:1.0.0] AndroidManifest.xml:26:13-58